Arguments: 
  C:\Program Files\nodejs\node.exe C:\Users\Vlasta Designer\AppData\Roaming\npm\node_modules\yarn\bin\yarn.js add -D eslint eslint-config-airbnb eslint-config-pretier eslint0plugin-import eslint-plugin-jsx-ally eslint-plugin-react eslint-plugin-react-hooks babel-eslint

PATH: 
  C:\Program Files\Git\mingw64\bin;C:\Program Files\Git\usr\bin;C:\Users\Vlasta Designer\bin;C:\Program Files (x86)\Common Files\Oracle\Java\javapath;C:\Program Files (x86)\Common Files\Intel\Shared Libraries\redist\intel64_win\compiler;C:\Program Files (x86)\Common Files\Intel\Shared Files\cpp\bin\Intel64;C:\ProgramData\Oracle\Java\javapath;C:\WINDOWS\system32;C:\WINDOWS;C:\WINDOWS\System32\Wbem;C:\WINDOWS\System32\WindowsPowerShell\v1.0;C:\WINDOWS\System32\OpenSSH;C:\Program Files (x86)\NVIDIA Corporation\PhysX\Common;C:\program files\extensis\suitcase fusion;C:\WINDOWS\system32;C:\WINDOWS;C:\WINDOWS\System32\Wbem;C:\WINDOWS\System32\WindowsPowerShell\v1.0;C:\WINDOWS\System32\OpenSSH;%NVM_HOME%;%NVM_SYMLINK%;C:\Program Files\nodejs;C:\Program Files\Git\cmd;C:\Program Files\Git\mingw64\bin;C:\Program Files\Git\usr\bin;C:\Users\Vlasta Designer\AppData\Local\Programs\Python\Python37-32\Scripts;C:\Users\Vlasta Designer\AppData\Local\Programs\Python\Python37-32;C:\Users\Vlasta Designer\AppData\Local\Microsoft\WindowsApps;C:\IntelliJ\IntelliJ IDEA 2018.3.2\bin;C:\Program Files\Java\jdk1.8.0_161\bin;C:\Tools\apache-maven-3.6.0\bin;C:\Users\Vlasta Designer\AppData\Local\Programs\Microsoft VS Code\bin;C:\Users\Vlasta Designer\AppData\Roaming\nvm;C:\Program Files\nodejs;C:\Users\Vlasta Designer\AppData\Roaming\npm

Yarn version: 
  1.22.5

Node version: 
  14.13.0

Platform: 
  win32 x64

Trace: 
  Error: https://registry.yarnpkg.com/eslint-config-pretier: Not found
      at Request.params.callback [as _callback] (C:\Users\Vlasta Designer\AppData\Roaming\npm\node_modules\yarn\lib\cli.js:66988:18)
      at Request.self.callback (C:\Users\Vlasta Designer\AppData\Roaming\npm\node_modules\yarn\lib\cli.js:140662:22)
      at Request.emit (events.js:314:20)
      at Request.<anonymous> (C:\Users\Vlasta Designer\AppData\Roaming\npm\node_modules\yarn\lib\cli.js:141634:10)
      at Request.emit (events.js:314:20)
      at IncomingMessage.<anonymous> (C:\Users\Vlasta Designer\AppData\Roaming\npm\node_modules\yarn\lib\cli.js:141556:12)
      at Object.onceWrapper (events.js:420:28)
      at IncomingMessage.emit (events.js:326:22)
      at endReadableNT (_stream_readable.js:1252:12)
      at processTicksAndRejections (internal/process/task_queues.js:80:21)

npm manifest: 
  {
    "name": "webpack-std",
    "version": "1.0",
    "main": "index.js",
    "license": "MIT"
  }

yarn manifest: 
  No manifest

Lockfile: 
  No lockfile
